Using pre-set license
Built from '2020.3/release' branch; Version is '2020.3.1f1 (77a89f25062f) revision 7841951'; Using compiler version '192528614'; Build Type 'Release'
OS: 'Windows 10 Pro; OS build 19041.572; Version 2004; 64bit' Language: 'en' Physical Memory: 16253 MB
BatchMode: 1, IsHumanControllingUs: 0, StartBugReporterOnCrash: 0, Is64bit: 1, IsPro: 0

 COMMAND LINE ARGUMENTS:
C:\Program Files\Unity\Hub\Editor\2020.3.1f1\Editor\Unity.exe
-adb2
-batchMode
-noUpm
-name
AssetImportWorker0
-projectPath
D:/UnityProjects/openUnityProject/open-project-1/ToonyPolis
-logFile
Logs/AssetImportWorker0.log
-srvPort
53717
Successfully changed project path to: D:/UnityProjects/openUnityProject/open-project-1/ToonyPolis
D:/UnityProjects/openUnityProject/open-project-1/ToonyPolis
Using Asset Import Pipeline V2.
Refreshing native plugins compatible for Editor in 53.72 ms, found 0 plugins.
Preloading 0 native plugins for Editor in 0.00 ms.
Initialize engine version: 2020.3.1f1 (77a89f25062f)
[Subsystems] Discovering subsystems at path C:/Program Files/Unity/Hub/Editor/2020.3.1f1/Editor/Data/Resources/UnitySubsystems
[Subsystems] Discovering subsystems at path D:/UnityProjects/openUnityProject/open-project-1/ToonyPolis/Assets
GfxDevice: creating device client; threaded=0
Direct3D:
    Version:  Direct3D 11.0 [level 11.1]
    Renderer: NVIDIA GeForce GTX 1060 (ID=0x1c60)
    Vendor:   
    VRAM:     6052 MB
    Driver:   27.21.14.6192
Initialize mono
Mono path[0] = 'C:/Program Files/Unity/Hub/Editor/2020.3.1f1/Editor/Data/Managed'
Mono path[1] = 'C:/Program Files/Unity/Hub/Editor/2020.3.1f1/Editor/Data/MonoBleedingEdge/lib/mono/unityjit'
Mono config path = 'C:/Program Files/Unity/Hub/Editor/2020.3.1f1/Editor/Data/MonoBleedingEdge/etc'
Using monoOptions --debugger-agent=transport=dt_socket,embedding=1,server=y,suspend=n,address=127.0.0.1:56372
Begin MonoManager ReloadAssembly
Registering precompiled unity dll's ...
Register platform support module: C:/Program Files/Unity/Hub/Editor/2020.3.1f1/Editor/Data/PlaybackEngines/WindowsStandaloneSupport/UnityEditor.WindowsStandalone.Extensions.dll
Registered in 0.002186 seconds.
Native extension for WindowsStandalone target not found
Refreshing native plugins compatible for Editor in 49.07 ms, found 0 plugins.
Preloading 0 native plugins for Editor in 0.00 ms.
Invoked RoslynAnalysisRunner static constructor.
RoslynAnalysisRunner will not be running.
RoslynAnalysisRunner has terminated.
Mono: successfully reloaded assembly
- Completed reload, in  1.276 seconds
Platform modules already initialized, skipping
Registering precompiled user dll's ...
Registered in 0.001152 seconds.
Begin MonoManager ReloadAssembly
Native extension for WindowsStandalone target not found
Refreshing native plugins compatible for Editor in 58.22 ms, found 0 plugins.
Preloading 0 native plugins for Editor in 0.00 ms.
Invoked RoslynAnalysisRunner static constructor.
RoslynAnalysisRunner will not be running.
RoslynAnalysisRunner has terminated.
Mono: successfully reloaded assembly
- Completed reload, in  1.381 seconds
Platform modules already initialized, skipping
========================================================================
Worker process is ready to serve import requests
Shader 'Universal Render Pipeline/Particles/Lit': fallback shader 'Universal Render Pipeline/Particles/SimpleLit' not found
Shader 'Universal Render Pipeline/Particles/Lit': fallback shader 'Universal Render Pipeline/Particles/SimpleLit' not found
Launched and connected shader compiler UnityShaderCompiler.exe after 0.07 seconds
Refreshing native plugins compatible for Editor in 0.47 ms, found 0 plugins.
Preloading 0 native plugins for Editor in 0.00 ms.
Unloading 2415 Unused Serialized files (Serialized files now loaded: 0)
System memory in use before: 112.3 MB.
System memory in use after: 110.1 MB.

Unloading 43 unused Assets to reduce memory usage. Loaded Objects now: 2828.
Total: 5.162600 ms (FindLiveObjects: 0.609600 ms CreateObjectMapping: 0.485600 ms MarkObjects: 2.598900 ms  DeleteObjects: 1.467100 ms)

========================================================================
Received Import Request.
  path: Assets/ToonPolis/Materials
  artifactKey: Guid(b77e0018620a1fb4a89b3a23b9176bab) Importer(815301076,1909f56bfc062723c751e8b465ee728b)
Start importing Assets/ToonPolis/Materials using Guid(b77e0018620a1fb4a89b3a23b9176bab) Importer(815301076,1909f56bfc062723c751e8b465ee728b)  -> (artifact id: '78ed91bd4aaf10a845aa09006c8f2fbf') in 0.010615 seconds
  Import took 0.016216 seconds .

========================================================================
Received Import Request.
  Time since last request: 284.134679 seconds.
  path: Assets/ToonPolis/New Lighting Settings.lighting
  artifactKey: Guid(889ef8c784bc6f94da4af07cd52c5a62) Importer(815301076,1909f56bfc062723c751e8b465ee728b)
Start importing Assets/ToonPolis/New Lighting Settings.lighting using Guid(889ef8c784bc6f94da4af07cd52c5a62) Importer(815301076,1909f56bfc062723c751e8b465ee728b) LightingSettings: switching bake backend from 1 to 2.
 -> (artifact id: '0240cdf6fd8e69c105be170d9513618d') in 0.045928 seconds
  Import took 0.050906 seconds .

AssetImportWorkerClient::OnTransportError - code=2 error=End of file
